<?xml version="1.0" encoding="UTF-8"?>
<testng-results skipped="0" failed="0" ignored="0" total="1" passed="1">
  <reporter-output>
  </reporter-output>
  <suite name="Default suite" duration-ms="18260" started-at="2020-02-28T08:57:32 PST" finished-at="2020-02-28T08:57:50 PST">
    <groups>
    </groups>
    <test name="Default test" duration-ms="18260" started-at="2020-02-28T08:57:32 PST" finished-at="2020-02-28T08:57:50 PST">
      <class name="testcases.VerifyLoginPage">
        <test-method status="PASS" signature="browserSetup()[pri:0, instance:testcases.VerifyLoginPage@2758fe70]" name="browserSetup" is-config="true" duration-ms="14943" started-at="2020-02-28T08:57:32 PST" finished-at="2020-02-28T08:57:47 PST">
          <reporter-output>
          </reporter-output>
        </test-method> <!-- browserSetup -->
        <test-method status="PASS" signature="verifyValidLogin()[pri:0, instance:testcases.VerifyLoginPage@2758fe70]" name="verifyValidLogin" duration-ms="3247" started-at="2020-02-28T08:57:47 PST" finished-at="2020-02-28T08:57:50 PST">
          <reporter-output>
          </reporter-output>
        </test-method> <!-- verifyValidLogin -->
      </class> <!-- testcases.VerifyLoginPage -->
    </test> <!-- Default test -->
  </suite> <!-- Default suite -->
</testng-results>
